Watching for file changes with StatReloader
Error: division by zero
Traceback (most recent call last):
  File "F:\Python\GB\ch3_django\myproject\myapp\views.py", line 17, in about
    result = 1 / 0
             ~~^~~
ZeroDivisionError: division by zero
"GET /myapp/about/ HTTP/1.1" 200 32
Error: division by zero
Traceback (most recent call last):
  File "F:\Python\GB\ch3_django\myproject\myapp\views.py", line 17, in about
    result = 1 / 0
             ~~^~~
ZeroDivisionError: division by zero
"GET /myapp/about/ HTTP/1.1" 200 32
F:\Python\GB\ch3_django\myproject\myproject\settings.py changed, reloading.
Watching for file changes with StatReloader
F:\Python\GB\ch3_django\myproject\myproject\settings.py changed, reloading.
Watching for file changes with StatReloader
Error: division by zero
Traceback (most recent call last):
  File "F:\Python\GB\ch3_django\myproject\myapp\views.py", line 17, in about
    result = 1 / 0
             ~~^~~
ZeroDivisionError: division by zero
"GET /myapp/about/ HTTP/1.1" 200 32
Error: division by zero
Traceback (most recent call last):
  File "F:\Python\GB\ch3_django\myproject\myapp\views.py", line 17, in about
    result = 1 / 0
             ~~^~~
ZeroDivisionError: division by zero
"GET /myapp/about/ HTTP/1.1" 200 32
F:\Python\GB\ch3_django\myproject\myproject\settings.py changed, reloading.
Watching for file changes with StatReloader
Error: division by zero
Traceback (most recent call last):
  File "F:\Python\GB\ch3_django\myproject\myapp\views.py", line 17, in about
    result = 1 / 0
             ~~^~~
ZeroDivisionError: division by zero
"GET /myapp/about/ HTTP/1.1" 200 32
